<?xml version="1.0" encoding="UTF-8"?>
<!-- Generated by org.testng.reporters.JUnitXMLReporter -->
<testsuite hostname="LAPTOP-OPR2IDQJ" ignored="0" name="Default test" tests="5" failures="0" timestamp="21 Mar 2021 18:39:49 GMT" time="48.256" errors="0">
  <testcase name="Testcase1" time="6.414" classname="test.TESTAmazonHomePage"/>
  <testcase name="Testcase2" time="15.376" classname="test.TESTAmazonHomePage"/>
  <testcase name="Testcase3" time="4.668" classname="test.TESTAmazonHomePage"/>
  <testcase name="Testcase4" time="19.7" classname="test.TESTAmazonHomePage"/>
  <testcase name="Testcase5" time="2.048" classname="test.TESTAmazonHomePage"/>
</testsuite> <!-- Default test -->
