<?xml version="1.0" encoding="UTF-8"?>
<!-- Generated by org.testng.reporters.JUnitXMLReporter -->
<testsuite hostname="LAPTOP-OPR2IDQJ" ignored="0" name="Test" tests="3" failures="2" timestamp="20 Mar 2021 19:34:47 GMT" time="7.709" errors="0">
  <testcase name="a" time="4.6" classname="test.TESTAmazonHomePage"/>
  <testcase name="b" time="0.049" classname="test.TESTAmazonHomePage">
    <failure type="java.lang.NullPointerException">
      <![CDATA[java.lang.NullPointerException
at org.openqa.selenium.support.pagefactory.DefaultElementLocator.findElement(DefaultElementLocator.java:70)
at org.openqa.selenium.support.pagefactory.internal.LocatingElementHandler.invoke(LocatingElementHandler.java:39)
at com.sun.proxy.$Proxy7.click(Unknown Source)
at pom.AmazonHomePage.clickacceptcookiesMethod(AmazonHomePage.java:29)
at test.TESTAmazonHomePage.b(TESTAmazonHomePage.java:30)
... Removed 25 stack frames]]>
    </failure>
  </testcase> <!-- b -->
  <testcase name="c" time="3.003" classname="test.TESTAmazonHomePage">
    <failure type="java.lang.NullPointerException">
      <![CDATA[java.lang.NullPointerException
at org.openqa.selenium.support.pagefactory.DefaultElementLocator.findElement(DefaultElementLocator.java:70)
at org.openqa.selenium.support.pagefactory.internal.LocatingElementHandler.invoke(LocatingElementHandler.java:39)
at com.sun.proxy.$Proxy7.click(Unknown Source)
at pom.AmazonHomePage.clickhamburgermenuMethod(AmazonHomePage.java:34)
at test.TESTAmazonHomePage.c(TESTAmazonHomePage.java:51)
... Removed 25 stack frames]]>
    </failure>
  </testcase> <!-- c -->
</testsuite> <!-- Test -->
