<?xml version="1.0" encoding="UTF-8"?>
<testng-results skipped="0" failed="0" ignored="0" total="5" passed="5">
  <reporter-output>
  </reporter-output>
  <suite name="Default suite" duration-ms="48256" started-at="2021-03-21T18:39:01Z" finished-at="2021-03-21T18:39:49Z">
    <groups>
    </groups>
    <test name="Default test" duration-ms="48256" started-at="2021-03-21T18:39:01Z" finished-at="2021-03-21T18:39:49Z">
      <class name="test.TESTAmazonHomePage">
        <test-method status="PASS" signature="Testcase1()[pri:0, instance:test.TESTAmazonHomePage@5d5eef3d]" name="Testcase1" duration-ms="6414" started-at="2021-03-21T18:39:01Z" finished-at="2021-03-21T18:39:07Z">
          <reporter-output>
          </reporter-output>
        </test-method> <!-- Testcase1 -->
        <test-method status="PASS" signature="Testcase2()[pri:0, instance:test.TESTAmazonHomePage@5d5eef3d]" name="Testcase2" duration-ms="15376" started-at="2021-03-21T18:39:07Z" finished-at="2021-03-21T18:39:23Z">
          <reporter-output>
          </reporter-output>
        </test-method> <!-- Testcase2 -->
        <test-method status="PASS" signature="Testcase3()[pri:0, instance:test.TESTAmazonHomePage@5d5eef3d]" name="Testcase3" duration-ms="4668" started-at="2021-03-21T18:39:23Z" finished-at="2021-03-21T18:39:27Z">
          <reporter-output>
          </reporter-output>
        </test-method> <!-- Testcase3 -->
        <test-method status="PASS" signature="Testcase4()[pri:0, instance:test.TESTAmazonHomePage@5d5eef3d]" name="Testcase4" duration-ms="19700" started-at="2021-03-21T18:39:27Z" finished-at="2021-03-21T18:39:47Z">
          <reporter-output>
          </reporter-output>
        </test-method> <!-- Testcase4 -->
        <test-method status="PASS" signature="Testcase5()[pri:0, instance:test.TESTAmazonHomePage@5d5eef3d]" name="Testcase5" duration-ms="2048" started-at="2021-03-21T18:39:47Z" finished-at="2021-03-21T18:39:49Z">
          <reporter-output>
          </reporter-output>
        </test-method> <!-- Testcase5 -->
      </class> <!-- test.TESTAmazonHomePage -->
    </test> <!-- Default test -->
  </suite> <!-- Default suite -->
</testng-results>
